<?xml version="1.0" encoding="UTF-8"?>
<!-- Generated by org.testng.reporters.JUnitXMLReporter -->
<testsuite ignored="2" hostname="LAPTOP-3GAIK3G4" failures="1" tests="5" name="Test" time="124.835" errors="0" timestamp="2024-05-20T10:01:48 IST">
  <testcase classname="testCases.registerTestCase" name="verifyRegistrationwithValidData" time="6.889"/>
  <testcase classname="testCases.registerTestCase" name="verifyRegistrationwithInValidData" time="30.247"/>
  <testcase classname="testCases.registerTestCase" name="verifyRegistrationwithBlankValidData" time="5.575"/>
  <testcase classname="testCases.logInTestCase" name="verifyLoginWithValidData" time="6.063"/>
  <testcase classname="testCases.logInTestCase" name="verifyLogInWithInvalidDate" time="8.939">
    <failure type="org.openqa.selenium.NoSuchElementException" message="Unable to locate element: //div[text()=&amp;apos; Warning: No match for E-Mail Address and/or Password.&amp;apos;]
For documentation on this error, please visit: https://www.selenium.dev/documentation/webdriver/troubleshooting/errors#no-such-element-exception
Build info: version: &amp;apos;4.19.1&amp;apos;, revision: &amp;apos;abe0ee07dc&amp;apos;
System info: os.name: &amp;apos;Windows 11&amp;apos;, os.arch: &amp;apos;amd64&amp;apos;, os.version: &amp;apos;10.0&amp;apos;, java.version: &amp;apos;21.0.2&amp;apos;
Driver info: org.openqa.selenium.firefox.FirefoxDriver
Command: [7ef4eee0-327e-410d-bbbe-05a700f86be6, findElement {using=xpath, value=//div[text()=&amp;apos; Warning: No match for E-Mail Address and/or Password.&amp;apos;]}]
Capabilities {acceptInsecureCerts: true, browserName: firefox, browserVersion: 97.0, moz:accessibilityChecks: false, moz:buildID: 20220202182137, moz:debuggerAddress: localhost:21371, moz:geckodriverVersion: 0.31.0, moz:headless: false, moz:processID: 10196, moz:profile: C:\Users\deepa\AppData\Loca..., moz:shutdownTimeout: 60000, moz:useNonSpecCompliantPointerOrigin: false, moz:webdriverClick: true, pageLoadStrategy: normal, platformName: windows, platformVersion: 10.0, proxy: Proxy(), se:cdp: ws://localhost:21371/devtoo..., se:cdpVersion: 85.0, setWindowRect: true, strictFileInteractability: false, timeouts: {implicit: 0, pageLoad: 300000, script: 30000}, unhandledPromptBehavior: dismiss and notify}
Session ID: 7ef4eee0-327e-410d-bbbe-05a700f86be6">
      <![CDATA[org.openqa.selenium.NoSuchElementException: Unable to locate element: //div[text()=' Warning: No match for E-Mail Address and/or Password.']
For documentation on this error, please visit: https://www.selenium.dev/documentation/webdriver/troubleshooting/errors#no-such-element-exception
Build info: version: '4.19.1', revision: 'abe0ee07dc'
System info: os.name: 'Windows 11', os.arch: 'amd64', os.version: '10.0', java.version: '21.0.2'
Driver info: org.openqa.selenium.firefox.FirefoxDriver
Command: [7ef4eee0-327e-410d-bbbe-05a700f86be6, findElement {using=xpath, value=//div[text()=' Warning: No match for E-Mail Address and/or Password.']}]
Capabilities {acceptInsecureCerts: true, browserName: firefox, browserVersion: 97.0, moz:accessibilityChecks: false, moz:buildID: 20220202182137, moz:debuggerAddress: localhost:21371, moz:geckodriverVersion: 0.31.0, moz:headless: false, moz:processID: 10196, moz:profile: C:\Users\deepa\AppData\Loca..., moz:shutdownTimeout: 60000, moz:useNonSpecCompliantPointerOrigin: false, moz:webdriverClick: true, pageLoadStrategy: normal, platformName: windows, platformVersion: 10.0, proxy: Proxy(), se:cdp: ws://localhost:21371/devtoo..., se:cdpVersion: 85.0, setWindowRect: true, strictFileInteractability: false, timeouts: {implicit: 0, pageLoad: 300000, script: 30000}, unhandledPromptBehavior: dismiss and notify}
Session ID: 7ef4eee0-327e-410d-bbbe-05a700f86be6
at org.openqa.selenium.remote.ErrorCodec.decode(ErrorCodec.java:167)
at org.openqa.selenium.remote.codec.w3c.W3CHttpResponseCodec.decode(W3CHttpResponseCodec.java:138)
at org.openqa.selenium.remote.codec.w3c.W3CHttpResponseCodec.decode(W3CHttpResponseCodec.java:50)
at org.openqa.selenium.remote.HttpCommandExecutor.execute(HttpCommandExecutor.java:190)
at org.openqa.selenium.remote.service.DriverCommandExecutor.invokeExecute(DriverCommandExecutor.java:216)
at org.openqa.selenium.remote.service.DriverCommandExecutor.execute(DriverCommandExecutor.java:174)
at org.openqa.selenium.remote.RemoteWebDriver.execute(RemoteWebDriver.java:518)
at org.openqa.selenium.remote.ElementLocation$ElementFinder$2.findElement(ElementLocation.java:165)
at org.openqa.selenium.remote.ElementLocation.findElement(ElementLocation.java:59)
at org.openqa.selenium.remote.RemoteWebDriver.findElement(RemoteWebDriver.java:355)
at org.openqa.selenium.remote.RemoteWebDriver.findElement(RemoteWebDriver.java:349)
at PageObjectModel.logInPageObject.GetLoginFDailedAlert(logInPageObject.java:42)
at testCases.logInTestCase.verifyLogInWithInvalidDate(logInTestCase.java:74)
at java.base/java.util.ArrayList.forEach(ArrayList.java:1596)
... Removed 28 stack frames]]>
    </failure>
  </testcase> <!-- verifyLogInWithInvalidDate -->
  <testcase classname="resources.baseClass" name="@AfterSuite endReport" time="0.0">
    <ignored/>
  </testcase> <!-- @AfterSuite endReport -->
  <testcase classname="resources.baseClass" name="@BeforeSuite ExtentReport" time="0.0">
    <ignored/>
  </testcase> <!-- @BeforeSuite ExtentReport -->
</testsuite> <!-- Test -->
